<?xml version="1.0" encoding="UTF-8"?>
<!-- Generated by org.testng.reporters.JUnitReportReporter -->
<testsuite hostname="DESKTOP-OLAL7QD" failures="0" tests="2" name="JavaStream1.JavaStreamMap" time="0.024" errors="0" timestamp="2025-02-09T00:35:24 IST" skipped="0">
  <testcase classname="JavaStream1.JavaStreamMap" name="streamCollect" time="0.015"/>
  <testcase classname="JavaStream1.JavaStreamMap" name="streamMap" time="0.009"/>
</testsuite> <!-- JavaStream1.JavaStreamMap -->
